<?xml version="1.0" encoding="UTF-8" standalone="yes"?><!DOCTYPE report PUBLIC "-//JACOCO//DTD Report 1.1//EN" "report.dtd"><report name="Unicafe"><sessioninfo id="dell-Latitude-7280-22a4079" start="1573497574449" dump="1573497574882"/><sessioninfo id="dell-Latitude-7280-460156f3" start="1573550030953" dump="1573550031291"/><sessioninfo id="dell-Latitude-7280-33254586" start="1573550144750" dump="1573550145231"/><sessioninfo id="dell-Latitude-7280-21b5467f" start="1573550453185" dump="1573550453583"/><sessioninfo id="dell-Latitude-7280-1da3c17d" start="1573550765445" dump="1573550765897"/><sessioninfo id="dell-Latitude-7280-c5c83a79" start="1573550792050" dump="1573550792468"/><sessioninfo id="dell-Latitude-7280-45f20956" start="1573550878390" dump="1573550878811"/><sessioninfo id="dell-Latitude-7280-3ff03d95" start="1573550923603" dump="1573550923964"/><sessioninfo id="dell-Latitude-7280-4f0d8156" start="1573552110968" dump="1573552111414"/><sessioninfo id="dell-Latitude-7280-46a68906" start="1573552139064" dump="1573552139504"/><sessioninfo id="dell-Latitude-7280-f3e5ab21" start="1573552162072" dump="1573552162587"/><sessioninfo id="dell-Latitude-7280-f0d06aca" start="1573552178986" dump="1573552179404"/><sessioninfo id="dell-Latitude-7280-ef4c1ddd" start="1573552203005" dump="1573552203411"/><sessioninfo id="dell-Latitude-7280-f1f59961" start="1573552254204" dump="1573552254556"/><sessioninfo id="dell-Latitude-7280-638e6a4a" start="1573555870185" dump="1573555870660"/><sessioninfo id="dell-Latitude-7280-89499a68" start="1573555995579" dump="1573555996006"/><sessioninfo id="dell-Latitude-7280-2fb258cc" start="1573556017295" dump="1573556017734"/><sessioninfo id="dell-Latitude-7280-d5241df7" start="1573556039888" dump="1573556040318"/><sessioninfo id="dell-Latitude-7280-46e4efc" start="1573556049730" dump="1573556050176"/><sessioninfo id="dell-Latitude-7280-473b074" start="1573556059022" dump="1573556059466"/><sessioninfo id="dell-Latitude-7280-2def4186" start="1573556090134" dump="1573556090565"/><sessioninfo id="dell-Latitude-7280-85d9fb3c" start="1573556264646" dump="1573556265063"/><sessioninfo id="dell-Latitude-7280-945194d0" start="1573556546418" dump="1573556546799"/><sessioninfo id="dell-Latitude-7280-a84601a6" start="1573556570625" dump="1573556571033"/><sessioninfo id="dell-Latitude-7280-79852c72" start="1573556606903" dump="1573556607344"/><sessioninfo id="dell-Latitude-7280-a53fea2f" start="1573556615866" dump="1573556616248"/><sessioninfo id="dell-Latitude-7280-8fc5d749" start="1573556633271" dump="1573556633709"/><sessioninfo id="dell-Latitude-7280-cbcd7dc6" start="1573556655380" dump="1573556655861"/><sessioninfo id="dell-Latitude-7280-7d2cf026" start="1573556692506" dump="1573556692940"/><sessioninfo id="dell-Latitude-7280-3d8d0581" start="1573556822044" dump="1573556822456"/><sessioninfo id="dell-Latitude-7280-4f6c9d3b" start="1573557084134" dump="1573557084566"/><sessioninfo id="dell-Latitude-7280-bf30a875" start="1573557329429" dump="1573557329828"/><sessioninfo id="dell-Latitude-7280-c9a0eebc" start="1573557473292" dump="1573557473724"/><sessioninfo id="dell-Latitude-7280-131cced7" start="1573557485096" dump="1573557485527"/><sessioninfo id="dell-Latitude-7280-d5cea01c" start="1573557495229" dump="1573557495652"/><sessioninfo id="dell-Latitude-7280-17aa080e" start="1573557636732" dump="1573557637215"/><sessioninfo id="dell-Latitude-7280-add9ded3" start="1573557668503" dump="1573557668948"/><sessioninfo id="dell-Latitude-7280-6c7bd475" start="1573557706678" dump="1573557707242"/><sessioninfo id="dell-Latitude-7280-9ea55533" start="1573557729375" dump="1573557729805"/><sessioninfo id="dell-Latitude-7280-769264aa" start="1573557761206" dump="1573557761597"/><sessioninfo id="dell-Latitude-7280-440f96ff" start="1573557868745" dump="1573557869159"/><sessioninfo id="dell-Latitude-7280-9ac4ada4" start="1573558003792" dump="1573558004197"/><sessioninfo id="dell-Latitude-7280-6f5c01ad" start="1573558011731" dump="1573558012157"/><sessioninfo id="dell-Latitude-7280-2a13c4c0" start="1573558018523" dump="1573558018949"/><sessioninfo id="dell-Latitude-7280-b11362ca" start="1573558163654" dump="1573558164068"/><sessioninfo id="dell-Latitude-7280-a995513c" start="1573558243158" dump="1573558243599"/><sessioninfo id="dell-Latitude-7280-ffa6d806" start="1573559016845" dump="1573559017365"/><sessioninfo id="dell-Latitude-7280-87fdf3c8" start="1573559603842" dump="1573559604263"/><sessioninfo id="dell-Latitude-7280-1ad42f30" start="1573559665642" dump="1573559666025"/><sessioninfo id="dell-Latitude-7280-2f5082bd" start="1573559674687" dump="1573559675117"/><sessioninfo id="dell-Latitude-7280-2a12454d" start="1573559892618" dump="1573559893084"/><sessioninfo id="dell-Latitude-7280-3ce1d701" start="1573559963582" dump="1573559964004"/><sessioninfo id="dell-Latitude-7280-98c60b86" start="1573560279770" dump="1573560280951"/><sessioninfo id="dell-Latitude-7280-63fb904f" start="1573560282847" dump="1573560283207"/><sessioninfo id="dell-Latitude-7280-10a90fa" start="1573560365402" dump="1573560365812"/><sessioninfo id="dell-Latitude-7280-9c7f893c" start="1573560501271" dump="1573560501741"/><sessioninfo id="dell-Latitude-7280-b0b97a48" start="1573560548506" dump="1573560548968"/><sessioninfo id="dell-Latitude-7280-e5542b98" start="1573560655329" dump="1573560655759"/><sessioninfo id="dell-Latitude-7280-866b96d8" start="1573560669287" dump="1573560669691"/><sessioninfo id="dell-Latitude-7280-af0cb234" start="1573560682557" dump="1573560683047"/><sessioninfo id="dell-Latitude-7280-883b866a" start="1573560738988" dump="1573560739389"/><sessioninfo id="dell-Latitude-7280-3117ade0" start="1573560759562" dump="1573560760024"/><sessioninfo id="dell-Latitude-7280-1ddfd55" start="1573560772268" dump="1573560772778"/><sessioninfo id="dell-Latitude-7280-759ba29e" start="1573560804034" dump="1573560804476"/><sessioninfo id="dell-Latitude-7280-2f5abfe1" start="1573560825009" dump="1573560825435"/><sessioninfo id="dell-Latitude-7280-835f1822" start="1573560870762" dump="1573560871186"/><sessioninfo id="dell-Latitude-7280-5520ffd2" start="1573561283095" dump="1573561283631"/><sessioninfo id="dell-Latitude-7280-a9467049" start="1573561400287" dump="1573561400737"/><sessioninfo id="dell-Latitude-7280-47e9dadf" start="1573561407890" dump="1573561408287"/><sessioninfo id="dell-Latitude-7280-b1435593" start="1573561427056" dump="1573561427483"/><sessioninfo id="dell-Latitude-7280-9a2bdb2e" start="1573561502538" dump="1573561502901"/><sessioninfo id="dell-Latitude-7280-31ca47a2" start="1573561515549" dump="1573561515978"/><sessioninfo id="dell-Latitude-7280-a59d57a2" start="1573561640909" dump="1573561641244"/><sessioninfo id="dell-Latitude-7280-868d0027" start="1573561662174" dump="1573561662607"/><sessioninfo id="dell-Latitude-7280-81a11a2e" start="1573561686174" dump="1573561686592"/><sessioninfo id="dell-Latitude-7280-ed71fa4c" start="1573561701933" dump="1573561702401"/><sessioninfo id="dell-Latitude-7280-f629390e" start="1573561730496" dump="1573561730898"/><sessioninfo id="dell-Latitude-7280-115699a4" start="1573561743233" dump="1573561743692"/><sessioninfo id="dell-Latitude-7280-9a5c1861" start="1573561771824" dump="1573561772252"/><sessioninfo id="dell-Latitude-7280-ecf0e26b" start="1573561838433" dump="1573561838858"/><sessioninfo id="dell-Latitude-7280-e949c602" start="1573561880098" dump="1573561880523"/><sessioninfo id="dell-Latitude-7280-4fe97f41" start="1573561922503" dump="1573561922937"/><sessioninfo id="dell-Latitude-7280-7218befd" start="1573562057978" dump="1573562058430"/><sessioninfo id="dell-Latitude-7280-9f707e56" start="1573562370206" dump="1573562370592"/><sessioninfo id="dell-Latitude-7280-1bc49ec1" start="1573562637725" dump="1573562638102"/><sessioninfo id="dell-Latitude-7280-55a14425" start="1573562647071" dump="1573562647486"/><sessioninfo id="dell-Latitude-7280-df4b2439" start="1573562668664" dump="1573562669094"/><sessioninfo id="dell-Latitude-7280-d2f97a59" start="1573562690275" dump="1573562690701"/><sessioninfo id="dell-Latitude-7280-6d2e2cfa" start="1573562708127" dump="1573562708552"/><sessioninfo id="dell-Latitude-7280-3de3a4d8" start="1573562750847" dump="1573562751296"/><sessioninfo id="dell-Latitude-7280-1b452720" start="1573562865145" dump="1573562865574"/><sessioninfo id="dell-Latitude-7280-1b8b007d" start="1573562897864" dump="1573562898266"/><sessioninfo id="dell-Latitude-7280-640ea86e" start="1573563280288" dump="1573563280755"/><sessioninfo id="dell-Latitude-7280-35d2fea3" start="1573563296921" dump="1573563297368"/><sessioninfo id="dell-Latitude-7280-511a1acc" start="1573563312376" dump="1573563312820"/><sessioninfo id="dell-Latitude-7280-24cb3406" start="1573563354701" dump="1573563355179"/><sessioninfo id="dell-Latitude-7280-17143823" start="1573563363190" dump="1573563363589"/><sessioninfo id="dell-Latitude-7280-16be2eaa" start="1573563501302" dump="1573563501716"/><sessioninfo id="dell-Latitude-7280-76a5f139" start="1573563512751" dump="1573563513167"/><package name="com/mycompany/unicafe"><class name="com/mycompany/unicafe/Maksukortti" sourcefilename="Maksukortti.java"><method name="&lt;init&gt;" desc="(I)V" line="8"><counter type="INSTRUCTION" missed="0" covered="6"/><counter type="LINE" missed="0" covered="3"/><counter type="COMPLEXITY" missed="0" covered="1"/><counter type="METHOD" missed="0" covered="1"/></method><method name="saldo" desc="()I" line="13"><counter type="INSTRUCTION" missed="0" covered="3"/><counter type="LINE" missed="0" covered="1"/><counter type="COMPLEXITY" missed="0" covered="1"/><counter type="METHOD" missed="0" covered="1"/></method><method name="lataaRahaa" desc="(I)V" line="17"><counter type="INSTRUCTION" missed="0" covered="7"/><counter type="LINE" missed="0" covered="2"/><counter type="COMPLEXITY" missed="0" covered="1"/><counter type="METHOD" missed="0" covered="1"/></method><method name="otaRahaa" desc="(I)Z" line="21"><counter type="INSTRUCTION" missed="0" covered="14"/><counter type="BRANCH" missed="0" covered="2"/><counter type="LINE" missed="0" covered="4"/><counter type="COMPLEXITY" missed="0" covered="2"/><counter type="METHOD" missed="0" covered="1"/></method><method name="toString" desc="()Ljava/lang/String;" line="32"><counter type="INSTRUCTION" missed="0" covered="23"/><counter type="LINE" missed="0" covered="3"/><counter type="COMPLEXITY" missed="0" covered="1"/><counter type="METHOD" missed="0" covered="1"/></method><counter type="INSTRUCTION" missed="0" covered="53"/><counter type="BRANCH" missed="0" covered="2"/><counter type="LINE" missed="0" covered="13"/><counter type="COMPLEXITY" missed="0" covered="6"/><counter type="METHOD" missed="0" covered="5"/><counter type="CLASS" missed="0" covered="1"/></class><class name="com/mycompany/unicafe/Paaohjelma" sourcefilename="Paaohjelma.java"><method name="&lt;init&gt;" desc="()V" line="3"><counter type="INSTRUCTION" missed="3" covered="0"/><counter type="LINE" missed="1" covered="0"/><counter type="COMPLEXITY" missed="1" covered="0"/><counter type="METHOD" missed="1" covered="0"/></method><method name="main" desc="([Ljava/lang/String;)V" line="6"><counter type="INSTRUCTION" missed="21" covered="0"/><counter type="LINE" missed="6" covered="0"/><counter type="COMPLEXITY" missed="1" covered="0"/><counter type="METHOD" missed="1" covered="0"/></method><counter type="INSTRUCTION" missed="24" covered="0"/><counter type="LINE" missed="7" covered="0"/><counter type="COMPLEXITY" missed="2" covered="0"/><counter type="METHOD" missed="2" covered="0"/><counter type="CLASS" missed="1" covered="0"/></class><class name="com/mycompany/unicafe/Kassapaate" sourcefilename="Kassapaate.java"><method name="&lt;init&gt;" desc="()V" line="10"><counter type="INSTRUCTION" missed="0" covered="6"/><counter type="LINE" missed="0" covered="3"/><counter type="COMPLEXITY" missed="0" covered="1"/><counter type="METHOD" missed="0" covered="1"/></method><method name="syoEdullisesti" desc="(I)I" line="15"><counter type="INSTRUCTION" missed="0" covered="21"/><counter type="BRANCH" missed="0" covered="2"/><counter type="LINE" missed="0" covered="5"/><counter type="COMPLEXITY" missed="0" covered="2"/><counter type="METHOD" missed="0" covered="1"/></method><method name="syoMaukkaasti" desc="(I)I" line="25"><counter type="INSTRUCTION" missed="0" covered="21"/><counter type="BRANCH" missed="0" covered="2"/><counter type="LINE" missed="0" covered="5"/><counter type="COMPLEXITY" missed="0" covered="2"/><counter type="METHOD" missed="0" covered="1"/></method><method name="syoEdullisesti" desc="(Lcom/mycompany/unicafe/Maksukortti;)Z" line="35"><counter type="INSTRUCTION" missed="0" covered="18"/><counter type="BRANCH" missed="0" covered="2"/><counter type="LINE" missed="0" covered="5"/><counter type="COMPLEXITY" missed="0" covered="2"/><counter type="METHOD" missed="0" covered="1"/></method><method name="syoMaukkaasti" desc="(Lcom/mycompany/unicafe/Maksukortti;)Z" line="45"><counter type="INSTRUCTION" missed="0" covered="18"/><counter type="BRANCH" missed="0" covered="2"/><counter type="LINE" missed="0" covered="5"/><counter type="COMPLEXITY" missed="0" covered="2"/><counter type="METHOD" missed="0" covered="1"/></method><method name="lataaRahaaKortille" desc="(Lcom/mycompany/unicafe/Maksukortti;I)V" line="55"><counter type="INSTRUCTION" missed="0" covered="14"/><counter type="BRANCH" missed="0" covered="2"/><counter type="LINE" missed="0" covered="5"/><counter type="COMPLEXITY" missed="0" covered="2"/><counter type="METHOD" missed="0" covered="1"/></method><method name="kassassaRahaa" desc="()I" line="64"><counter type="INSTRUCTION" missed="0" covered="3"/><counter type="LINE" missed="0" covered="1"/><counter type="COMPLEXITY" missed="0" covered="1"/><counter type="METHOD" missed="0" covered="1"/></method><method name="maukkaitaLounaitaMyyty" desc="()I" line="68"><counter type="INSTRUCTION" missed="0" covered="3"/><counter type="LINE" missed="0" covered="1"/><counter type="COMPLEXITY" missed="0" covered="1"/><counter type="METHOD" missed="0" covered="1"/></method><method name="edullisiaLounaitaMyyty" desc="()I" line="72"><counter type="INSTRUCTION" missed="0" covered="3"/><counter type="LINE" missed="0" covered="1"/><counter type="COMPLEXITY" missed="0" covered="1"/><counter type="METHOD" missed="0" covered="1"/></method><counter type="INSTRUCTION" missed="0" covered="107"/><counter type="BRANCH" missed="0" covered="10"/><counter type="LINE" missed="0" covered="31"/><counter type="COMPLEXITY" missed="0" covered="14"/><counter type="METHOD" missed="0" covered="9"/><counter type="CLASS" missed="0" covered="1"/></class><sourcefile name="Paaohjelma.java"><line nr="3" mi="3" ci="0" mb="0" cb="0"/><line nr="6" mi="4" ci="0" mb="0" cb="0"/><line nr="7" mi="5" ci="0" mb="0" cb="0"/><line nr="9" mi="4" ci="0" mb="0" cb="0"/><line nr="11" mi="4" ci="0" mb="0" cb="0"/><line nr="12" mi="3" ci="0" mb="0" cb="0"/><line nr="13" mi="1" ci="0" mb="0" cb="0"/><counter type="INSTRUCTION" missed="24" covered="0"/><counter type="LINE" missed="7" covered="0"/><counter type="COMPLEXITY" missed="2" covered="0"/><counter type="METHOD" missed="2" covered="0"/><counter type="CLASS" missed="1" covered="0"/></sourcefile><sourcefile name="Maksukortti.java"><line nr="8" mi="0" ci="2" mb="0" cb="0"/><line nr="9" mi="0" ci="3" mb="0" cb="0"/><line nr="10" mi="0" ci="1" mb="0" cb="0"/><line nr="13" mi="0" ci="3" mb="0" cb="0"/><line nr="17" mi="0" ci="6" mb="0" cb="0"/><line nr="18" mi="0" ci="1" mb="0" cb="0"/><line nr="21" mi="0" ci="4" mb="0" cb="2"/><line nr="22" mi="0" ci="2" mb="0" cb="0"/><line nr="25" mi="0" ci="6" mb="0" cb="0"/><line nr="26" mi="0" ci="2" mb="0" cb="0"/><line nr="32" mi="0" ci="5" mb="0" cb="0"/><line nr="33" mi="0" ci="5" mb="0" cb="0"/><line nr="34" mi="0" ci="13" mb="0" cb="0"/><counter type="INSTRUCTION" missed="0" covered="53"/><counter type="BRANCH" missed="0" covered="2"/><counter type="LINE" missed="0" covered="13"/><counter type="COMPLEXITY" missed="0" covered="6"/><counter type="METHOD" missed="0" covered="5"/><counter type="CLASS" missed="0" covered="1"/></sourcefile><sourcefile name="Kassapaate.java"><line nr="10" mi="0" ci="2" mb="0" cb="0"/><line nr="11" mi="0" ci="3" mb="0" cb="0"/><line nr="12" mi="0" ci="1" mb="0" cb="0"/><line nr="15" mi="0" ci="3" mb="0" cb="2"/><line nr="16" mi="0" ci="6" mb="0" cb="0"/><line nr="17" mi="0" ci="6" mb="0" cb="0"/><line nr="18" mi="0" ci="4" mb="0" cb="0"/><line nr="20" mi="0" ci="2" mb="0" cb="0"/><line nr="25" mi="0" ci="3" mb="0" cb="2"/><line nr="26" mi="0" ci="6" mb="0" cb="0"/><line nr="27" mi="0" ci="6" mb="0" cb="0"/><line nr="28" mi="0" ci="4" mb="0" cb="0"/><line nr="30" mi="0" ci="2" mb="0" cb="0"/><line nr="35" mi="0" ci="4" mb="0" cb="2"/><line nr="36" mi="0" ci="4" mb="0" cb="0"/><line nr="37" mi="0" ci="6" mb="0" cb="0"/><line nr="38" mi="0" ci="2" mb="0" cb="0"/><line nr="40" mi="0" ci="2" mb="0" cb="0"/><line nr="45" mi="0" ci="4" mb="0" cb="2"/><line nr="46" mi="0" ci="4" mb="0" cb="0"/><line nr="47" mi="0" ci="6" mb="0" cb="0"/><line nr="48" mi="0" ci="2" mb="0" cb="0"/><line nr="50" mi="0" ci="2" mb="0" cb="0"/><line nr="55" mi="0" ci="2" mb="0" cb="2"/><line nr="56" mi="0" ci="3" mb="0" cb="0"/><line nr="57" mi="0" ci="7" mb="0" cb="0"/><line nr="59" mi="0" ci="1" mb="0" cb="0"/><line nr="61" mi="0" ci="1" mb="0" cb="0"/><line nr="64" mi="0" ci="3" mb="0" cb="0"/><line nr="68" mi="0" ci="3" mb="0" cb="0"/><line nr="72" mi="0" ci="3" mb="0" cb="0"/><counter type="INSTRUCTION" missed="0" covered="107"/><counter type="BRANCH" missed="0" covered="10"/><counter type="LINE" missed="0" covered="31"/><counter type="COMPLEXITY" missed="0" covered="14"/><counter type="METHOD" missed="0" covered="9"/><counter type="CLASS" missed="0" covered="1"/></sourcefile><counter type="INSTRUCTION" missed="24" covered="160"/><counter type="BRANCH" missed="0" covered="12"/><counter type="LINE" missed="7" covered="44"/><counter type="COMPLEXITY" missed="2" covered="20"/><counter type="METHOD" missed="2" covered="14"/><counter type="CLASS" missed="1" covered="2"/></package><counter type="INSTRUCTION" missed="24" covered="160"/><counter type="BRANCH" missed="0" covered="12"/><counter type="LINE" missed="7" covered="44"/><counter type="COMPLEXITY" missed="2" covered="20"/><counter type="METHOD" missed="2" covered="14"/><counter type="CLASS" missed="1" covered="2"/></report>